<?xml version="1.0" encoding="UTF-8"?>
<testsuites name="TS - Checkout" time="105.795" tests="2" failures="0" errors="0">
   <testsuite name="TS - Checkout" tests="2" failures="0" errors="0" time="105.795" skipped="0" timestamp="2024-02-13 11:24:47" hostname="CIkal - Cikal" id="Test Suites/TS - Checkout">
      <properties>
         <property name="deviceName" value="emulator-5554 (Android SDK built for x86 - Android 11)"/>
         <property name="devicePlatform" value=""/>
         <property name="logFolder" value="C:\\Users\\CIkal\\git\\katalon-taskmobile-RajasaCikal\\Reports\\20240213_112443\\TS - Checkout\\20240213_112443"/>
         <property name="logFiles" value="C:\\Users\\CIkal\\git\\katalon-taskmobile-RajasaCikal\\Reports\\20240213_112443\\TS - Checkout\\20240213_112443\\appium.log, C:\\Users\\CIkal\\git\\katalon-taskmobile-RajasaCikal\\Reports\\20240213_112443\\TS - Checkout\\20240213_112443\\execution0.log"/>
         <property name="attachments" value=""/>
         <property name="hostName" value="CIkal - Cikal"/>
         <property name="os" value="Windows 11 64bit"/>
         <property name="appiumServerStatus" value="{&quot;value&quot;:{&quot;build&quot;:{&quot;version&quot;:&quot;1.22.3&quot;}},&quot;sessionId&quot;:null,&quot;status&quot;:0}"/>
         <property name="katalonVersion" value="9.0.0.212"/>
         <property name="deviceOS" value="Android"/>
         <property name="appiumVersion" value="1.22.3"/>
         <property name="deviceModel" value="Android SDK built for x86"/>
         <property name="hostAddress" value="172.16.213.167"/>
         <property name="deviceManufacturer" value="unknown"/>
         <property name="deviceId" value="emulator-5554"/>
         <property name="deviceName" value="emulator-5554 (Android SDK built for x86 - Android 11)"/>
         <property name="deviceOSVersion" value="11"/>
      </properties>
      <testcase name="Test Cases/Checkout/TC - Checkout from Category" time="57.382" classname="Test Cases/Checkout/TC - Checkout from Category" status="PASSED">
         <system-out><![CDATA[2024-02-13 11:24:47 - [TEST_CASE][PASSED] - Test Cases/Checkout/TC - Checkout from Category: Test Cases/Checkout/TC - Checkout from Category

2024-02-13 11:24:47 - [TEST_STEP][PASSED] - startApplication("D:\BFLP\Bootcamp\Materi\Solodroid_E-CommerceApp Demo_3.2.0.apk", true): Started app at: 'D:\BFLP\Bootcamp\Materi\Solodroid_E-CommerceApp Demo_3.2.0.apk'

2024-02-13 11:24:48 - [MESSAGE][INFO] - Detected NodeJS location: "C:\Program Files\nodejs\node.exe"

2024-02-13 11:24:49 - [MESSAGE][INFO] - Appium server started on port 62,961

2024-02-13 11:25:06 - [MESSAGE][PASSED] - Started app at: 'D:\BFLP\Bootcamp\Materi\Solodroid_E-CommerceApp Demo_3.2.0.apk'

2024-02-13 11:25:06 - [TEST_STEP][PASSED] - tap(findTestObject("Object Repository/android.widget.ImageView (1)"), 10): Tapped on element 'Object Repository/android.widget.ImageView (1)'

2024-02-13 11:25:17 - [MESSAGE][PASSED] - Tapped on element 'Object Repository/android.widget.ImageView (1)'

2024-02-13 11:25:17 - [TEST_STEP][PASSED] - tap(findTestObject("Object Repository/android.widget.RelativeLayout"), 10): Tapped on element 'Object Repository/android.widget.RelativeLayout'

2024-02-13 11:25:19 - [MESSAGE][PASSED] - Tapped on element 'Object Repository/android.widget.RelativeLayout'

2024-02-13 11:25:19 - [TEST_STEP][PASSED] - tap(findTestObject("Object Repository/android.widget.ImageView (2)"), 10): Tapped on element 'Object Repository/android.widget.ImageView (2)'

2024-02-13 11:25:21 - [MESSAGE][PASSED] - Tapped on element 'Object Repository/android.widget.ImageView (2)'

2024-02-13 11:25:21 - [TEST_STEP][PASSED] - tap(findTestObject("Object Repository/android.widget.Button - ADD TO CART (1)"), 10): Tapped on element 'Object Repository/android.widget.Button - ADD TO CART (1)'

2024-02-13 11:25:24 - [MESSAGE][PASSED] - Tapped on element 'Object Repository/android.widget.Button - ADD TO CART (1)'

2024-02-13 11:25:24 - [TEST_STEP][PASSED] - setText(findTestObject("Object Repository/android.widget.EditText (1)"), "1", 10): Text '1' has been set to element 'Object Repository/android.widget.EditText (1)'

2024-02-13 11:25:26 - [MESSAGE][PASSED] - Text '1' has been set to element 'Object Repository/android.widget.EditText (1)'

2024-02-13 11:25:26 - [TEST_STEP][PASSED] - tap(findTestObject("Object Repository/android.widget.Button - ADD (1)"), 10): Tapped on element 'Object Repository/android.widget.Button - ADD (1)'

2024-02-13 11:25:27 - [MESSAGE][PASSED] - Tapped on element 'Object Repository/android.widget.Button - ADD (1)'

2024-02-13 11:25:27 - [TEST_STEP][PASSED] - tap(findTestObject("Object Repository/android.widget.TextView (1)"), 10): Tapped on element 'Object Repository/android.widget.TextView (1)'

2024-02-13 11:25:28 - [MESSAGE][PASSED] - Tapped on element 'Object Repository/android.widget.TextView (1)'

2024-02-13 11:25:28 - [TEST_STEP][PASSED] - tap(findTestObject("Object Repository/android.widget.Button - CHECKOUT (1)"), 10): Tapped on element 'Object Repository/android.widget.Button - CHECKOUT (1)'

2024-02-13 11:25:29 - [MESSAGE][PASSED] - Tapped on element 'Object Repository/android.widget.Button - CHECKOUT (1)'

2024-02-13 11:25:29 - [TEST_STEP][PASSED] - setText(findTestObject("Object Repository/android.widget.EditText - Your Address (1)"), "Address", 10): Text 'Address' has been set to element 'Object Repository/android.widget.EditText - Your Address (1)'

2024-02-13 11:25:32 - [MESSAGE][PASSED] - Text 'Address' has been set to element 'Object Repository/android.widget.EditText - Your Address (1)'

2024-02-13 11:25:32 - [TEST_STEP][PASSED] - tap(findTestObject("Object Repository/android.widget.Button - PROCESS CHECKOUT (1)"), 10): Tapped on element 'Object Repository/android.widget.Button - PROCESS CHECKOUT (1)'

2024-02-13 11:25:33 - [MESSAGE][PASSED] - Tapped on element 'Object Repository/android.widget.Button - PROCESS CHECKOUT (1)'

2024-02-13 11:25:33 - [TEST_STEP][PASSED] - tap(findTestObject("Object Repository/android.widget.Button - YES (1)"), 10): Tapped on element 'Object Repository/android.widget.Button - YES (1)'

2024-02-13 11:25:35 - [MESSAGE][PASSED] - Tapped on element 'Object Repository/android.widget.Button - YES (1)'

2024-02-13 11:25:35 - [TEST_STEP][PASSED] - tap(findTestObject("Object Repository/android.widget.Button - OK (1)"), 10): Tapped on element 'Object Repository/android.widget.Button - OK (1)'

2024-02-13 11:25:41 - [MESSAGE][PASSED] - Tapped on element 'Object Repository/android.widget.Button - OK (1)'

2024-02-13 11:25:41 - [TEST_STEP][PASSED] - closeApplication(): Close app successfully

2024-02-13 11:25:44 - [MESSAGE][PASSED] - Close app successfully]]></system-out>
         <system-err><![CDATA[]]></system-err>
      </testcase>
      <testcase name="Test Cases/Checkout/TC - Search and Checkout" time="48.211" classname="Test Cases/Checkout/TC - Search and Checkout" status="PASSED">
         <system-out><![CDATA[2024-02-13 11:25:44 - [TEST_CASE][PASSED] - Test Cases/Checkout/TC - Search and Checkout: Test Cases/Checkout/TC - Search and Checkout

2024-02-13 11:25:45 - [TEST_STEP][PASSED] - startApplication("D:\BFLP\Bootcamp\Materi\Solodroid_E-CommerceApp Demo_3.2.0.apk", true): Started app at: 'D:\BFLP\Bootcamp\Materi\Solodroid_E-CommerceApp Demo_3.2.0.apk'

2024-02-13 11:25:45 - [MESSAGE][INFO] - Detected NodeJS location: "C:\Program Files\nodejs\node.exe"

2024-02-13 11:25:46 - [MESSAGE][INFO] - Appium server started on port 63,189

2024-02-13 11:26:02 - [MESSAGE][PASSED] - Started app at: 'D:\BFLP\Bootcamp\Materi\Solodroid_E-CommerceApp Demo_3.2.0.apk'

2024-02-13 11:26:02 - [TEST_STEP][PASSED] - tap(findTestObject("Object Repository/android.widget.ImageView"), 10): Tapped on element 'Object Repository/android.widget.ImageView'

2024-02-13 11:26:06 - [MESSAGE][PASSED] - Tapped on element 'Object Repository/android.widget.ImageView'

2024-02-13 11:26:06 - [TEST_STEP][PASSED] - tap(findTestObject("Object Repository/android.widget.Button - ADD TO CART"), 10): Tapped on element 'Object Repository/android.widget.Button - ADD TO CART'

2024-02-13 11:26:09 - [MESSAGE][PASSED] - Tapped on element 'Object Repository/android.widget.Button - ADD TO CART'

2024-02-13 11:26:09 - [TEST_STEP][PASSED] - setText(findTestObject("Object Repository/android.widget.EditText"), "1", 10): Text '1' has been set to element 'Object Repository/android.widget.EditText'

2024-02-13 11:26:11 - [MESSAGE][PASSED] - Text '1' has been set to element 'Object Repository/android.widget.EditText'

2024-02-13 11:26:11 - [TEST_STEP][PASSED] - tap(findTestObject("Object Repository/android.widget.Button - ADD"), 10): Tapped on element 'Object Repository/android.widget.Button - ADD'

2024-02-13 11:26:12 - [MESSAGE][PASSED] - Tapped on element 'Object Repository/android.widget.Button - ADD'

2024-02-13 11:26:12 - [TEST_STEP][PASSED] - tap(findTestObject("Object Repository/android.widget.TextView"), 10): Tapped on element 'Object Repository/android.widget.TextView'

2024-02-13 11:26:13 - [MESSAGE][PASSED] - Tapped on element 'Object Repository/android.widget.TextView'

2024-02-13 11:26:13 - [TEST_STEP][PASSED] - tap(findTestObject("Object Repository/android.widget.Button - CHECKOUT"), 10): Tapped on element 'Object Repository/android.widget.Button - CHECKOUT'

2024-02-13 11:26:15 - [MESSAGE][PASSED] - Tapped on element 'Object Repository/android.widget.Button - CHECKOUT'

2024-02-13 11:26:15 - [TEST_STEP][PASSED] - setText(findTestObject("Object Repository/android.widget.EditText - Your Address"), "Address", 10): Text 'Address' has been set to element 'Object Repository/android.widget.EditText - Your Address'

2024-02-13 11:26:18 - [MESSAGE][PASSED] - Text 'Address' has been set to element 'Object Repository/android.widget.EditText - Your Address'

2024-02-13 11:26:18 - [TEST_STEP][PASSED] - tap(findTestObject("Object Repository/android.widget.Button - PROCESS CHECKOUT"), 10): Tapped on element 'Object Repository/android.widget.Button - PROCESS CHECKOUT'

2024-02-13 11:26:19 - [MESSAGE][PASSED] - Tapped on element 'Object Repository/android.widget.Button - PROCESS CHECKOUT'

2024-02-13 11:26:19 - [TEST_STEP][PASSED] - tap(findTestObject("Object Repository/android.widget.Button - YES"), 10): Tapped on element 'Object Repository/android.widget.Button - YES'

2024-02-13 11:26:21 - [MESSAGE][PASSED] - Tapped on element 'Object Repository/android.widget.Button - YES'

2024-02-13 11:26:21 - [TEST_STEP][PASSED] - tap(findTestObject("Object Repository/android.widget.Button - OK"), 10): Tapped on element 'Object Repository/android.widget.Button - OK'

2024-02-13 11:26:29 - [MESSAGE][PASSED] - Tapped on element 'Object Repository/android.widget.Button - OK'

2024-02-13 11:26:29 - [TEST_STEP][PASSED] - closeApplication(): Close app successfully

2024-02-13 11:26:33 - [MESSAGE][PASSED] - Close app successfully]]></system-out>
         <system-err><![CDATA[]]></system-err>
      </testcase>
      <system-out><![CDATA[2024-02-13 11:24:47 - [TEST_SUITE][PASSED] - TS - Checkout: Test Cases/Checkout/TC - Search and Checkout]]></system-out>
      <system-err><![CDATA[]]></system-err>
   </testsuite>
</testsuites>
